Reading uart.hex
uart.hex loaded into memory
Memory 5 bytes = 0x6f 0x00 0x00 0x0b 0x13
VCD info: dumpfile counter_la_qs.vcd opened for output.
ISQ Test 1 started
tx data bit index 0: 1
tx data bit index 1: 0
tx data bit index 2: 1
tx data bit index 3: 1
tx data bit index 4: 1
tx data bit index 5: 1
tx data bit index 6: 0
tx data bit index 7: 0
tx complete 2
Latency for operation:     3451388 time units
Call function uart() in User Project BRAM (mprj, 0x30000000) return value passed,    61
rx data bit index 0: 1
tx data bit index 0: 1
tx data bit index 1: 1
rx data bit index 1: 0
Test started
rx data bit index 2: 1
tx data bit index 2: 1
tx data bit index 3: 1
rx data bit index 3: 1
rx data bit index 4: 1
tx data bit index 4: 0
tx data bit index 5: 0
rx data bit index 5: 1
rx data bit index 6: 0
tx data bit index 6: 0
tx data bit index 7: 0
rx data bit index 7: 0
recevied word  61
tx complete 1
Call function uart() in User Project BRAM (mprj, 0x30000000) return value passed,    15
rx data bit index 0: 1
rx data bit index 1: 1
rx data bit index 2: 1
rx data bit index 3: 1
rx data bit index 4: 0
rx data bit index 5: 0
rx data bit index 6: 0
rx data bit index 7: 0
recevied word  15
Call function qsort() in User Project BRAM (mprjram, 0x38000000) return value passed, 0x0028
Call function qsort() in User Project BRAM (mprjram, 0x38000000) return value passed, 0x037d
Call function qsort() in User Project BRAM (mprjram, 0x38000000) return value passed, 0x09ed
Call function qsort() in User Project BRAM (mprjram, 0x38000000) return value passed, 0x0a6d
qs Test passed
Call function matmul() in User Project BRAM (mprjram, 0x38000000) return value passed, 0x003e
Call function matmul() in User Project BRAM (mprjram, 0x38000000) return value passed, 0x0044
Call function matmul() in User Project BRAM (mprjram, 0x38000000) return value passed, 0x004a
Call function matmul() in User Project BRAM (mprjram, 0x38000000) return value passed, 0x0050
mm Test passed
fir Test passed
